<?xml version="1.0" encoding="UTF-8"?>
<!-- Generated by org.testng.reporters.JUnitXMLReporter -->
<testsuite ignored="0" hostname="LAPTOP-FIM1TCMK" failures="1" tests="1" name="Test" time="26.048" errors="0" timestamp="2022-08-23T12:56:22 IST">
  <testcase classname="testSuite.Movie_info_validation_from_IMDB_and_Wiki_websites" name="IMDB_and_Wiki_Page_Navigation" time="21.995">
    <failure type="java.lang.AssertionError" message="expected [true] but found [false]">
      <![CDATA[java.lang.AssertionError: expected [true] but found [false]
at testSuite.Movie_info_validation_from_IMDB_and_Wiki_websites.IMDB_and_Wiki_Page_Navigation(Movie_info_validation_from_IMDB_and_Wiki_websites.java:63)
at java.base/java.util.ArrayList.forEach(ArrayList.java:1540)
... Removed 35 stack frames]]>
    </failure>
  </testcase> <!-- IMDB_and_Wiki_Page_Navigation -->
</testsuite> <!-- Test -->
